<?xml version="1.0" encoding="UTF-8"?>
<testsuite name="in.bushansirgur.restapi.SpringBootMongodbRestApiApplicationTests" tests="1" skipped="0" failures="0" errors="0" timestamp="2021-06-10T16:47:53" hostname="147dda5e6307.ant.amazon.com" time="0.262">
  <properties/>
  <testcase name="contextLoads" classname="in.bushansirgur.restapi.SpringBootMongodbRestApiApplicationTests" time="0.262"/>
  <system-out><![CDATA[10:47:51.524 [Test worker] DEBUG org.springframework.test.context.junit4.SpringJUnit4ClassRunner - SpringJUnit4ClassRunner constructor called with [class in.bushansirgur.restapi.SpringBootMongodbRestApiApplicationTests]
10:47:51.532 [Test worker] DEBUG org.springframework.test.context.BootstrapUtils - Instantiating CacheAwareContextLoaderDelegate from class [org.springframework.test.context.cache.DefaultCacheAwareContextLoaderDelegate]
10:47:51.538 [Test worker] DEBUG org.springframework.test.context.BootstrapUtils - Instantiating BootstrapContext using constructor [public org.springframework.test.context.support.DefaultBootstrapContext(java.lang.Class,org.springframework.test.context.CacheAwareContextLoaderDelegate)]
10:47:51.569 [Test worker] DEBUG org.springframework.test.context.BootstrapUtils - Instantiating TestContextBootstrapper for test class [in.bushansirgur.restapi.SpringBootMongodbRestApiApplicationTests] from class [org.springframework.boot.test.context.SpringBootTestContextBootstrapper]
10:47:51.583 [Test worker] INFO org.springframework.boot.test.context.SpringBootTestContextBootstrapper - Neither @ContextConfiguration nor @ContextHierarchy found for test class [in.bushansirgur.restapi.SpringBootMongodbRestApiApplicationTests], using SpringBootContextLoader
10:47:51.586 [Test worker] DEBUG org.springframework.test.context.support.AbstractContextLoader - Did not detect default resource location for test class [in.bushansirgur.restapi.SpringBootMongodbRestApiApplicationTests]: class path resource [in/bushansirgur/restapi/SpringBootMongodbRestApiApplicationTests-context.xml] does not exist
10:47:51.587 [Test worker] DEBUG org.springframework.test.context.support.AbstractContextLoader - Did not detect default resource location for test class [in.bushansirgur.restapi.SpringBootMongodbRestApiApplicationTests]: class path resource [in/bushansirgur/restapi/SpringBootMongodbRestApiApplicationTestsContext.groovy] does not exist
10:47:51.587 [Test worker] INFO org.springframework.test.context.support.AbstractContextLoader - Could not detect default resource locations for test class [in.bushansirgur.restapi.SpringBootMongodbRestApiApplicationTests]: no resource found for suffixes {-context.xml, Context.groovy}.
10:47:51.588 [Test worker] INFO org.springframework.test.context.support.AnnotationConfigContextLoaderUtils - Could not detect default configuration classes for test class [in.bushansirgur.restapi.SpringBootMongodbRestApiApplicationTests]: SpringBootMongodbRestApiApplicationTests does not declare any static, non-private, non-final, nested classes annotated with @Configuration.
10:47:51.626 [Test worker] DEBUG org.springframework.test.context.support.ActiveProfilesUtils - Could not find an 'annotation declaring class' for annotation type [org.springframework.test.context.ActiveProfiles] and class [in.bushansirgur.restapi.SpringBootMongodbRestApiApplicationTests]
10:47:51.668 [Test worker] DEBUG org.springframework.context.annotation.ClassPathScanningCandidateComponentProvider - Identified candidate component class: file [/Users/utsaroy/services/workspaces/samples/spring-boot-mongodb-rest-api/build/classes/java/main/in/bushansirgur/restapi/SpringBootMongodbRestApiApplication.class]
10:47:51.668 [Test worker] INFO org.springframework.boot.test.context.SpringBootTestContextBootstrapper - Found @SpringBootConfiguration in.bushansirgur.restapi.SpringBootMongodbRestApiApplication for test class in.bushansirgur.restapi.SpringBootMongodbRestApiApplicationTests
10:47:51.734 [Test worker] DEBUG org.springframework.boot.test.context.SpringBootTestContextBootstrapper - @TestExecutionListeners is not present for class [in.bushansirgur.restapi.SpringBootMongodbRestApiApplicationTests]: using defaults.
10:47:51.734 [Test worker] INFO org.springframework.boot.test.context.SpringBootTestContextBootstrapper - Loaded default TestExecutionListener class names from location [META-INF/spring.factories]: [org.springframework.boot.test.autoconfigure.restdocs.RestDocsTestExecutionListener, org.springframework.boot.test.autoconfigure.web.client.MockRestServiceServerResetTestExecutionListener, org.springframework.boot.test.autoconfigure.web.servlet.MockMvcPrintOnlyOnFailureTestExecutionListener, org.springframework.boot.test.autoconfigure.web.servlet.WebDriverTestExecutionListener, org.springframework.boot.test.autoconfigure.webservices.client.MockWebServiceServerTestExecutionListener, org.springframework.boot.test.mock.mockito.MockitoTestExecutionListener, org.springframework.boot.test.mock.mockito.ResetMocksTestExecutionListener, org.springframework.test.context.web.ServletTestExecutionListener, org.springframework.test.context.support.DirtiesContextBeforeModesTestExecutionListener, org.springframework.test.context.support.DependencyInjectionTestExecutionListener, org.springframework.test.context.support.DirtiesContextTestExecutionListener, org.springframework.test.context.transaction.TransactionalTestExecutionListener, org.springframework.test.context.jdbc.SqlScriptsTestExecutionListener, org.springframework.test.context.event.EventPublishingTestExecutionListener]
10:47:51.746 [Test worker] INFO org.springframework.boot.test.context.SpringBootTestContextBootstrapper - Using TestExecutionListeners: [org.springframework.test.context.web.ServletTestExecutionListener@3a9e6440, org.springframework.test.context.support.DirtiesContextBeforeModesTestExecutionListener@4a90f4c, org.springframework.boot.test.mock.mockito.MockitoTestExecutionListener@3dde22a0, org.springframework.boot.test.autoconfigure.SpringBootDependencyInjectionTestExecutionListener@1c3aff0d, org.springframework.test.context.support.DirtiesContextTestExecutionListener@55cf34ae, org.springframework.test.context.transaction.TransactionalTestExecutionListener@19d09234, org.springframework.test.context.jdbc.SqlScriptsTestExecutionListener@55d7788c, org.springframework.test.context.event.EventPublishingTestExecutionListener@1e5e37ac, org.springframework.boot.test.autoconfigure.restdocs.RestDocsTestExecutionListener@32980a8d, org.springframework.boot.test.autoconfigure.web.client.MockRestServiceServerResetTestExecutionListener@2f447fd8, org.springframework.boot.test.autoconfigure.web.servlet.MockMvcPrintOnlyOnFailureTestExecutionListener@413961a4, org.springframework.boot.test.autoconfigure.web.servlet.WebDriverTestExecutionListener@2eb5cd78, org.springframework.boot.test.autoconfigure.webservices.client.MockWebServiceServerTestExecutionListener@5c8b7641, org.springframework.boot.test.mock.mockito.ResetMocksTestExecutionListener@50bd78b7]
10:47:51.748 [Test worker] DEBUG org.springframework.test.annotation.ProfileValueUtils - Retrieved @ProfileValueSourceConfiguration [null] for test class [in.bushansirgur.restapi.SpringBootMongodbRestApiApplicationTests]
10:47:51.748 [Test worker] DEBUG org.springframework.test.annotation.ProfileValueUtils - Retrieved ProfileValueSource type [class org.springframework.test.annotation.SystemProfileValueSource] for class [in.bushansirgur.restapi.SpringBootMongodbRestApiApplicationTests]
10:47:51.750 [Test worker] DEBUG org.springframework.test.annotation.ProfileValueUtils - Retrieved @ProfileValueSourceConfiguration [null] for test class [in.bushansirgur.restapi.SpringBootMongodbRestApiApplicationTests]
10:47:51.750 [Test worker] DEBUG org.springframework.test.annotation.ProfileValueUtils - Retrieved ProfileValueSource type [class org.springframework.test.annotation.SystemProfileValueSource] for class [in.bushansirgur.restapi.SpringBootMongodbRestApiApplicationTests]
10:47:51.750 [Test worker] DEBUG org.springframework.test.annotation.ProfileValueUtils - Retrieved @ProfileValueSourceConfiguration [null] for test class [in.bushansirgur.restapi.SpringBootMongodbRestApiApplicationTests]
10:47:51.751 [Test worker] DEBUG org.springframework.test.annotation.ProfileValueUtils - Retrieved ProfileValueSource type [class org.springframework.test.annotation.SystemProfileValueSource] for class [in.bushansirgur.restapi.SpringBootMongodbRestApiApplicationTests]
10:47:51.751 [Test worker] DEBUG org.springframework.test.annotation.ProfileValueUtils - Retrieved @ProfileValueSourceConfiguration [null] for test class [in.bushansirgur.restapi.SpringBootMongodbRestApiApplicationTests]
10:47:51.751 [Test worker] DEBUG org.springframework.test.annotation.ProfileValueUtils - Retrieved ProfileValueSource type [class org.springframework.test.annotation.SystemProfileValueSource] for class [in.bushansirgur.restapi.SpringBootMongodbRestApiApplicationTests]
10:47:51.755 [Test worker] DEBUG org.springframework.test.context.support.AbstractDirtiesContextTestExecutionListener - Before test class: context [DefaultTestContext@2296797b testClass = SpringBootMongodbRestApiApplicationTests, testInstance = [null], testMethod = [null], testException = [null], mergedContextConfiguration = [WebMergedContextConfiguration@6130425 testClass = SpringBootMongodbRestApiApplicationTests, locations = '{}', classes = '{class in.bushansirgur.restapi.SpringBootMongodbRestApiApplication}', contextInitializerClasses = '[]', activeProfiles = '{}', propertySourceLocations = '{}', propertySourceProperties = '{org.springframework.boot.test.context.SpringBootTestContextBootstrapper=true}', contextCustomizers = set[org.springframework.boot.test.autoconfigure.properties.PropertyMappingContextCustomizer@0, org.springframework.boot.test.autoconfigure.web.servlet.WebDriverContextCustomizerFactory$Customizer@328d58d1, org.springframework.boot.test.context.filter.ExcludeFilterContextCustomizer@5f914639, org.springframework.boot.test.json.DuplicateJsonObjectContextCustomizerFactory$DuplicateJsonObjectContextCustomizer@587e163, org.springframework.boot.test.mock.mockito.MockitoContextCustomizer@0, org.springframework.boot.test.web.client.TestRestTemplateContextCustomizer@275ecf6c, org.springframework.boot.test.context.SpringBootTestArgs@1], resourceBasePath = 'src/main/webapp', contextLoader = 'org.springframework.boot.test.context.SpringBootContextLoader', parent = [null]], attributes = map['org.springframework.test.context.web.ServletTestExecutionListener.activateListener' -> true]], class annotated with @DirtiesContext [false] with mode [null].
10:47:51.756 [Test worker] DEBUG org.springframework.test.annotation.ProfileValueUtils - Retrieved @ProfileValueSourceConfiguration [null] for test class [in.bushansirgur.restapi.SpringBootMongodbRestApiApplicationTests]
10:47:51.756 [Test worker] DEBUG org.springframework.test.annotation.ProfileValueUtils - Retrieved ProfileValueSource type [class org.springframework.test.annotation.SystemProfileValueSource] for class [in.bushansirgur.restapi.SpringBootMongodbRestApiApplicationTests]
10:47:51.769 [Test worker] DEBUG org.springframework.test.context.support.TestPropertySourceUtils - Adding inlined properties to environment: {spring.jmx.enabled=false, org.springframework.boot.test.context.SpringBootTestContextBootstrapper=true}

  .   ____          _            __ _ _
 /\\ / ___'_ __ _ _(_)_ __  __ _ \ \ \ \
( ( )\___ | '_ | '_| | '_ \/ _` | \ \ \ \
 \\/  ___)| |_)| | | | | || (_| |  ) ) ) )
  '  |____| .__|_| |_|_| |_\__, | / / / /
 =========|_|==============|___/=/_/_/_/
 :: Spring Boot ::        (v2.3.0.RELEASE)

2021-06-10 10:47:51.951  INFO 90521 --- [    Test worker] SpringBootMongodbRestApiApplicationTests : Starting SpringBootMongodbRestApiApplicationTests on 147dda5e6307.ant.amazon.com with PID 90521 (started by utsaroy in /Users/utsaroy/services/workspaces/samples/spring-boot-mongodb-rest-api)
2021-06-10 10:47:51.952  INFO 90521 --- [    Test worker] SpringBootMongodbRestApiApplicationTests : No active profile set, falling back to default profiles: default
2021-06-10 10:47:52.460  INFO 90521 --- [    Test worker] .s.d.r.c.RepositoryConfigurationDelegate : Bootstrapping Spring Data MongoDB repositories in DEFAULT mode.
2021-06-10 10:47:52.501  INFO 90521 --- [    Test worker] .s.d.r.c.RepositoryConfigurationDelegate : Finished Spring Data repository scanning in 36ms. Found 1 MongoDB repository interfaces.
2021-06-10 10:47:52.824  INFO 90521 --- [    Test worker] org.mongodb.driver.cluster               : Cluster created with settings {hosts=[localhost:27017], mode=SINGLE, requiredClusterType=UNKNOWN, serverSelectionTimeout='30000 ms'}
2021-06-10 10:47:52.871  INFO 90521 --- [localhost:27017] org.mongodb.driver.connection            : Opened connection [connectionId{localValue:1, serverValue:13}] to localhost:27017
2021-06-10 10:47:52.875  INFO 90521 --- [localhost:27017] org.mongodb.driver.cluster               : Monitor thread successfully connected to server with description ServerDescription{address=localhost:27017, type=STANDALONE, state=CONNECTED, ok=true, minWireVersion=0, maxWireVersion=9, maxDocumentSize=16777216, logicalSessionTimeoutMinutes=30, roundTripTimeNanos=2373354}
2021-06-10 10:47:53.357  INFO 90521 --- [    Test worker] o.s.s.concurrent.ThreadPoolTaskExecutor  : Initializing ExecutorService 'applicationTaskExecutor'
2021-06-10 10:47:53.670  INFO 90521 --- [    Test worker] o.s.b.a.e.web.EndpointLinksResolver      : Exposing 2 endpoint(s) beneath base path '/actuator'
2021-06-10 10:47:53.706  INFO 90521 --- [    Test worker] SpringBootMongodbRestApiApplicationTests : Started SpringBootMongodbRestApiApplicationTests in 1.929 seconds (JVM running for 2.653)
]]></system-out>
  <system-err><![CDATA[]]></system-err>
</testsuite>
